Build started 2015-07-24 11:45:18.
     1>Project "c:\Users\ext.vicu\Desktop\App\app\App\build_app_vc12\App_vc12.vcxproj" on node 2 (Build target(s)).
     1>ClCompile:
         C:\Marmalade\7.8\s3e\bin\CL.exe /c /Ic:/marmalade/7.8/extensions/s3eamazonads/h /Ic:/marmalade/7.8/modules/iwutil/h /Ic:/marmalade/7.8/modules/third_party/libjpeg/h /Ic:/marmalade/7.8/modules/third_party/zlib/h /Ic:/marmalade/7.8/modules/third_party/libpng/h /Ic:/marmalade/7.8/modules/iw2dscenegraphcore/h /Ic:/marmalade/7.8/modules/iw2dscenegraph/h /Ic:/marmalade/7.8/modules/iw2d/h /Ic:/marmalade/7.8/modules/iwgx/h /Ic:/marmalade/7.8/modules/iwgl/h /Ic:/marmalade/7.8/modules/iwgeom/h /Ic:/marmalade/7.8/modules/iwresmanager/h /Ic:/marmalade/7.8/extensions/pvrtextool/h /Ic:/marmalade/7.8/modules/iwgxfont/h /Ic:/marmalade/7.8/modules/third_party/tiniconv/source /Ic:/marmalade/7.8/modules/iwtween/h /Ic:/marmalade/7.8/s3e/h /Ic:/marmalade/7.8/s3e/h/ext /Ic:/marmalade/7.8/s3e/h/std /Ic:/marmalade/7.8/s3e/h/std/c++ /Ic:/marmalade/7.8/s3e/h/ext_legacy /Ic:/marmalade/7.8/s3e/h/legacy /I. /ZI /nologo /W3 /WX- /MP /Od /Oy- /X /Gm- /EHsc /RTC1 /MTd /GS /Gy /fp:precise /Zc:wchar_t /Zc:forScope /Fo"Debug_App_vc12_x86\\" /Fd"Debug_App_vc12_x86\vc120.pdb" /Gd /TP /analyze- /errorReport:prompt /S3Eproject /J /FI"c:\Users\ext.vicu\Desktop\App\app\App\build_app_vc12\temp_defines_debug.h" ..\source\App.cpp ..\source\Input.cpp
         App.cpp
         Input.cpp
       Link:
         C:\Marmalade\7.8\s3e\bin\link.exe /ERRORREPORT:PROMPT /OUT:"Debug_App_vc12_x86\App.s86" /INCREMENTAL /NOLOGO /LIBPATH:c:/marmalade/7.8/modules/iwutil/lib/x86 /LIBPATH:c:/marmalade/7.8/modules/third_party/libjpeg/lib/x86 /LIBPATH:c:/marmalade/7.8/modules/third_party/zlib/lib/x86 /LIBPATH:c:/marmalade/7.8/modules/third_party/libpng/lib/x86 /LIBPATH:c:/marmalade/7.8/modules/iw2d/lib/x86 /LIBPATH:c:/marmalade/7.8/modules/iwgx/atitools /LIBPATH:c:/marmalade/7.8/modules/iwgx/lib/x86 /LIBPATH:c:/marmalade/7.8/modules/iwgl/lib/x86 /LIBPATH:c:/marmalade/7.8/modules/iwgeom/lib/x86 /LIBPATH:c:/marmalade/7.8/modules/iwresmanager/lib/x86 /LIBPATH:c:/marmalade/7.8/modules/iwgxfont/lib/x86 /LIBPATH:c:/marmalade/7.8/modules/third_party/tiniconv/lib/x86 /LIBPATH:c:/marmalade/7.8/s3e/lib/x86 vc6_compat.lib iwutil_d.lib jpeg_d.lib z_d.lib png_d.lib iw2d_d.lib ATI_Compress_MT_VC7.lib iwgx_d.lib iwgl_d.lib iwgeom_d.lib iwresmanager_d.lib iwgxfont_d.lib tiniconv_d.lib s3e_cpp_d.lib s3e_vc12_d.lib s3e_api_iwgl.lib /NODEFAULTLIB:libcmt /MANIFEST:NO /DEBUG /PDB:"Debug_App_vc12_x86\App.pdb" /SUBSYSTEM:WINDOWS /OPT:NOREF /OPT:NOICF /TLBID:1 /ENTRY:"DllEntryPoint" /DYNAMICBASE /NXCOMPAT /IMPLIB:"Debug_App_vc12_x86\App.lib" /MACHINE:X86  /include:_IwMain /include:_raise /include:_DllEntryPoint@12 /DLL Debug_App_vc12_x86\App.obj
         Debug_App_vc12_x86\Input.obj
         Debug_App_vc12_x86\Iw2DSceneGraph.obj
         Debug_App_vc12_x86\Iw2DSceneGraphCore.obj
         Debug_App_vc12_x86\IwTween.obj
         Debug_App_vc12_x86\PVRTexTool_interface.obj
         Debug_App_vc12_x86\s3eAmazonAds_interface.obj
            Creating library Debug_App_vc12_x86\App.lib and object Debug_App_vc12_x86\App.exp
         App_vc12.vcxproj -> C:\Users\ext.vicu\Desktop\App\app\App\build_app_vc12\Debug_App_vc12_x86\App.s86
       PostBuildEvent:
         echo C:\Marmalade\7.8\s3e\python\python.exe .\process_map.py "C:\Users\ext.vicu\Desktop\App\app\App\build_app_vc12\Debug_App_vc12_x86\App.s86"
         chdir /d "c:\marmalade\7.8\s3e\tools"
         C:\Marmalade\7.8\s3e\python\python.exe .\process_map.py "C:\Users\ext.vicu\Desktop\App\app\App\build_app_vc12\Debug_App_vc12_x86\App.s86"
         echo "s3e_plink" -l "C:\Users\ext.vicu\Desktop\App\app\App\build_app_vc12\Debug_App_vc12_x86\App.s86" 
         chdir /d "c:\marmalade\7.8\s3e\bin"
         "s3e_plink" -l "C:\Users\ext.vicu\Desktop\App\app\App\build_app_vc12\Debug_App_vc12_x86\App.s86" 
         
         :VCEnd
         C:\Marmalade\7.8\s3e\python\python.exe .\process_map.py "C:\Users\ext.vicu\Desktop\App\app\App\build_app_vc12\Debug_App_vc12_x86\App.s86"
         "s3e_plink" -l "C:\Users\ext.vicu\Desktop\App\app\App\build_app_vc12\Debug_App_vc12_x86\App.s86" 
     1>Done Building Project "c:\Users\ext.vicu\Desktop\App\app\App\build_app_vc12\App_vc12.vcxproj" (Build target(s)).

Build succeeded.

Time Elapsed 00:00:01.99
